[debug] [2023-01-27T19:28:47.837Z] ----------------------------------------------------------------------
[debug] [2023-01-27T19:28:47.838Z] Command:       /Users/ksampathkumar/.nvm/versions/node/v16.17.0/bin/node /Users/ksampathkumar/.nvm/versions/node/v16.17.0/bin/firebase init
[debug] [2023-01-27T19:28:47.839Z] CLI Version:   11.21.0
[debug] [2023-01-27T19:28:47.839Z] Platform:      darwin
[debug] [2023-01-27T19:28:47.839Z] Node Version:  v16.17.0
[debug] [2023-01-27T19:28:47.840Z] Time:          Sat Jan 28 2023 00:58:47 GMT+0530 (India Standard Time)
[debug] [2023-01-27T19:28:47.841Z] ----------------------------------------------------------------------
[debug] 
[debug] [2023-01-27T19:28:47.847Z] > command requires scopes: ["email","openid","https://www.googleapis.com/auth/cloudplatformprojects.readonly","https://www.googleapis.com/auth/firebase","https://www.googleapis.com/auth/cloud-platform"]
[debug] [2023-01-27T19:28:47.847Z] > authorizing via signed-in user (kavya612001@gmail.com)
[info] 
     ######## #### ########  ######## ########     ###     ######  ########
     ##        ##  ##     ## ##       ##     ##  ##   ##  ##       ##
     ######    ##  ########  ######   ########  #########  ######  ######
     ##        ##  ##    ##  ##       ##     ## ##     ##       ## ##
     ##       #### ##     ## ######## ########  ##     ##  ######  ########

You're about to initialize a Firebase project in this directory:

  /Users/ksampathkumar/Documents/MyLearnings/Angular-Refresher

[info] 
=== Project Setup
[info] 
[info] First, let's associate this project directory with a Firebase project.
[info] You can create multiple project aliases by running firebase use --add, 
[info] but for now we'll just set up a default project.
[info] 
[debug] [2023-01-27T19:29:17.154Z] >>> [apiv2][query] GET https://firebase.googleapis.com/v1beta1/projects pageSize=100
[debug] [2023-01-27T19:29:18.073Z] <<< [apiv2][status] GET https://firebase.googleapis.com/v1beta1/projects 200
[debug] [2023-01-27T19:29:18.073Z] <<< [apiv2][body] GET https://firebase.googleapis.com/v1beta1/projects [omitted]
